<?xml version="1.0" encoding="UTF-8"?>
<testsuite name="com.genericmethod.stormpathplayground.web.StormpathPlaygroundWebApplicationTests" time="0.427" tests="3" errors="1" skipped="0" failures="0">
  <properties>
[...]
</properties>
  <testcase name="testCreateAccount" classname="com.genericmethod.stormpathplayground.web.StormpathPlaygroundWebApplicationTests" time="0.2">
    <error message="HTTP 409, Stormpath 2001 (http://docs.stormpath.com/errors/2001): Account with that email already exists.  Please choose another email." type="com.stormpath.sdk.resource.ResourceException">com.stormpath.sdk.resource.ResourceException: HTTP 409, Stormpath 2001 (http://docs.stormpath.com/errors/2001): Account with that email already exists.  Please choose another email.
	at com.stormpath.sdk.impl.ds.DefaultDataStore.execute(DefaultDataStore.java:474)
	at com.stormpath.sdk.impl.ds.DefaultDataStore.access$000(DefaultDataStore.java:67)
	at com.stormpath.sdk.impl.ds.DefaultDataStore$2.filter(DefaultDataStore.java:372)
	at com.stormpath.sdk.impl.ds.DefaultFilterChain.filter(DefaultFilterChain.java:47)
	at com.stormpath.sdk.impl.ds.ProviderAccountResultFilter.filter(ProviderAccountResultFilter.java:31)
	at com.stormpath.sdk.impl.ds.DefaultFilterChain.filter(DefaultFilterChain.java:52)
	at com.stormpath.sdk.impl.ds.api.ApiKeyQueryFilter.filter(ApiKeyQueryFilter.java:74)
	at com.stormpath.sdk.impl.ds.DefaultFilterChain.filter(DefaultFilterChain.java:52)
	at com.stormpath.sdk.impl.ds.cache.WriteCacheFilter.filter(WriteCacheFilter.java:78)
	at com.stormpath.sdk.impl.ds.DefaultFilterChain.filter(DefaultFilterChain.java:52)
	at com.stormpath.sdk.impl.ds.cache.ReadCacheFilter.filter(ReadCacheFilter.java:61)
	at com.stormpath.sdk.impl.ds.DefaultFilterChain.filter(DefaultFilterChain.java:52)
	at com.stormpath.sdk.impl.ds.api.DecryptApiKeySecretFilter.filter(DecryptApiKeySecretFilter.java:62)
	at com.stormpath.sdk.impl.ds.DefaultFilterChain.filter(DefaultFilterChain.java:52)
	at com.stormpath.sdk.impl.ds.EnlistmentFilter.filter(EnlistmentFilter.java:42)
	at com.stormpath.sdk.impl.ds.DefaultFilterChain.filter(DefaultFilterChain.java:52)
	at com.stormpath.sdk.impl.ds.DefaultDataStore.save(DefaultDataStore.java:393)
	at com.stormpath.sdk.impl.ds.DefaultDataStore.create(DefaultDataStore.java:299)
	at com.stormpath.sdk.impl.application.DefaultApplication.createAccount(DefaultApplication.java:364)
	at com.stormpath.sdk.impl.application.DefaultApplication.createAccount(DefaultApplication.java:347)
	at com.genericmethod.stormpathplayground.web.service.UserAccountService.create(UserAccountService.java:24)
	at com.genericmethod.stormpathplayground.web.StormpathPlaygroundWebApplicationTests.testCreateAccount(StormpathPlaygroundWebApplicationTests.java:37)
</error>
    <system-out><![CDATA[14:56:23.999 [main] DEBUG o.s.t.c.j.SpringJUnit4ClassRunner - SpringJUnit4ClassRunner constructor called with [class com.genericmethod.stormpathplayground.web.StormpathPlaygroundWebApplicationTests]
14:56:24.013 [main] DEBUG o.s.test.context.BootstrapUtils - Instantiating TestContextBootstrapper from class [org.springframework.test.context.web.WebTestContextBootstrapper]
14:56:24.039 [main] DEBUG o.s.t.c.w.WebTestContextBootstrapper - Found explicit ContextLoader class [org.springframework.boot.test.SpringApplicationContextLoader] for context configuration attributes [ContextConfigurationAttributes@50b041f3 declaringClass = 'com.genericmethod.stormpathplayground.web.StormpathPlaygroundWebApplicationTests', classes = '{class com.genericmethod.stormpathplayground.web.StormpathPlaygroundWebApplication}', locations = '{}', inheritLocations = true, initializers = '{}', inheritInitializers = true, name = [null], contextLoaderClass = 'org.springframework.boot.test.SpringApplicationContextLoader']
14:56:24.049 [main] DEBUG o.s.t.c.support.ActiveProfilesUtils - Could not find an 'annotation declaring class' for annotation type [org.springframework.test.context.ActiveProfiles] and class [com.genericmethod.stormpathplayground.web.StormpathPlaygroundWebApplicationTests]
14:56:24.054 [main] DEBUG o.s.t.c.w.WebTestContextBootstrapper - @TestExecutionListeners is not present for class [com.genericmethod.stormpathplayground.web.StormpathPlaygroundWebApplicationTests]: using defaults.
14:56:24.065 [main] INFO  o.s.t.c.w.WebTestContextBootstrapper - Loaded default TestExecutionListener class names from location [META-INF/spring.factories]: [org.springframework.test.context.web.ServletTestExecutionListener, org.springframework.test.context.support.DependencyInjectionTestExecutionListener, org.springframework.test.context.support.DirtiesContextTestExecutionListener, org.springframework.test.context.transaction.TransactionalTestExecutionListener, org.springframework.test.context.jdbc.SqlScriptsTestExecutionListener]
14:56:24.070 [main] INFO  o.s.t.c.w.WebTestContextBootstrapper - Could not instantiate TestExecutionListener [org.springframework.test.context.transaction.TransactionalTestExecutionListener]. Specify custom listener classes or make the default listener classes (and their required dependencies) available. Offending class: [org/springframework/transaction/interceptor/TransactionAttributeSource]
14:56:24.077 [main] INFO  o.s.t.c.w.WebTestContextBootstrapper - Could not instantiate TestExecutionListener [org.springframework.test.context.jdbc.SqlScriptsTestExecutionListener]. Specify custom listener classes or make the default listener classes (and their required dependencies) available. Offending class: [org/springframework/transaction/interceptor/TransactionAttribute]
14:56:24.079 [main] INFO  o.s.t.c.w.WebTestContextBootstrapper - Using TestExecutionListeners: [org.springframework.test.context.web.ServletTestExecutionListener@3015b303, org.springframework.test.context.support.DependencyInjectionTestExecutionListener@609ba29e, org.springframework.test.context.support.DirtiesContextTestExecutionListener@9d1649f]
14:56:24.081 [main] DEBUG o.s.t.annotation.ProfileValueUtils - Retrieved @ProfileValueSourceConfiguration [null] for test class [com.genericmethod.stormpathplayground.web.StormpathPlaygroundWebApplicationTests]
14:56:24.082 [main] DEBUG o.s.t.annotation.ProfileValueUtils - Retrieved ProfileValueSource type [class org.springframework.test.annotation.SystemProfileValueSource] for class [com.genericmethod.stormpathplayground.web.StormpathPlaygroundWebApplicationTests]
14:56:24.083 [main] DEBUG o.s.t.annotation.ProfileValueUtils - Retrieved @ProfileValueSourceConfiguration [null] for test class [com.genericmethod.stormpathplayground.web.StormpathPlaygroundWebApplicationTests]
14:56:24.083 [main] DEBUG o.s.t.annotation.ProfileValueUtils - Retrieved ProfileValueSource type [class org.springframework.test.annotation.SystemProfileValueSource] for class [com.genericmethod.stormpathplayground.web.StormpathPlaygroundWebApplicationTests]
14:56:24.086 [main] DEBUG o.s.t.annotation.ProfileValueUtils - Retrieved @ProfileValueSourceConfiguration [null] for test class [com.genericmethod.stormpathplayground.web.StormpathPlaygroundWebApplicationTests]
14:56:24.086 [main] DEBUG o.s.t.annotation.ProfileValueUtils - Retrieved ProfileValueSource type [class org.springframework.test.annotation.SystemProfileValueSource] for class [com.genericmethod.stormpathplayground.web.StormpathPlaygroundWebApplicationTests]
14:56:24.167 [main] DEBUG o.s.core.env.StandardEnvironment - Adding [systemProperties] PropertySource with lowest search precedence
14:56:24.169 [main] DEBUG o.s.core.env.StandardEnvironment - Adding [systemEnvironment] PropertySource with lowest search precedence
14:56:24.170 [main] DEBUG o.s.core.env.StandardEnvironment - Initialized StandardEnvironment with PropertySources [systemProperties,systemEnvironment]
14:56:24.172 [main] DEBUG o.s.core.env.StandardEnvironment - Adding [integrationTest] PropertySource with search precedence immediately lower than [systemEnvironment]

  .   ____          _            __ _ _
 /\\ / ___'_ __ _ _(_)_ __  __ _ \ \ \ \
( ( )\___ | '_ | '_| | '_ \/ _` | \ \ \ \
 \\/  ___)| |_)| | | | | || (_| |  ) ) ) )
  '  |____| .__|_| |_|_| |_\__, | / / / /
 =========|_|==============|___/=/_/_/_/
 :: Spring Boot ::        (v1.2.7.RELEASE)

2015-11-01 14:56:24.475  INFO 978 --- [           main] w.StormpathPlaygroundWebApplicationTests : Starting StormpathPlaygroundWebApplicationTests on chriss-mbp.cust.hyperoptic.com with PID 978 (/Users/cfarrugia/work/stormpathplayground/stormpathplayground-web/target/test-classes started by cfarrugia in /Users/cfarrugia/work/stormpathplayground/stormpathplayground-web)
2015-11-01 14:56:24.550  INFO 978 --- [           main] o.s.w.c.s.GenericWebApplicationContext   : Refreshing org.springframework.web.context.support.GenericWebApplicationContext@7bb8597a: startup date [Sun Nov 01 14:56:24 CET 2015]; root of context hierarchy
2015-11-01 14:56:25.096  INFO 978 --- [           main] o.s.b.f.s.DefaultListableBeanFactory     : Overriding bean definition for bean 'beanNameViewResolver': replacing [Root bean: class [null]; scope=; abstract=false; lazyInit=false; autowireMode=3; dependencyCheck=0; autowireCandidate=true; primary=false; factoryBeanName=org.springframework.boot.autoconfigure.web.ErrorMvcAutoConfiguration$WhitelabelErrorViewConfiguration; factoryMethodName=beanNameViewResolver; initMethodName=null; destroyMethodName=(inferred); defined in class path resource [org/springframework/boot/autoconfigure/web/ErrorMvcAutoConfiguration$WhitelabelErrorViewConfiguration.class]] with [Root bean: class [null]; scope=; abstract=false; lazyInit=false; autowireMode=3; dependencyCheck=0; autowireCandidate=true; primary=false; factoryBeanName=org.springframework.boot.autoconfigure.web.WebMvcAutoConfiguration$WebMvcAutoConfigurationAdapter; factoryMethodName=beanNameViewResolver; initMethodName=null; destroyMethodName=(inferred); defined in class path resource [org/springframework/boot/autoconfigure/web/WebMvcAutoConfiguration$WebMvcAutoConfigurationAdapter.class]]
2015-11-01 14:56:28.855  INFO 978 --- [           main] s.w.s.m.m.a.RequestMappingHandlerAdapter : Looking for @ControllerAdvice: org.springframework.web.context.support.GenericWebApplicationContext@7bb8597a: startup date [Sun Nov 01 14:56:24 CET 2015]; root of context hierarchy
2015-11-01 14:56:28.916  INFO 978 --- [           main] s.w.s.m.m.a.RequestMappingHandlerMapping : Mapped "{[/error]}" onto public org.springframework.http.ResponseEntity<java.util.Map<java.lang.String, java.lang.Object>> org.springframework.boot.autoconfigure.web.BasicErrorController.error(javax.servlet.http.HttpServletRequest)
2015-11-01 14:56:28.916  INFO 978 --- [           main] s.w.s.m.m.a.RequestMappingHandlerMapping : Mapped "{[/error],produces=[text/html]}" onto public org.springframework.web.servlet.ModelAndView org.springframework.boot.autoconfigure.web.BasicErrorController.errorHtml(javax.servlet.http.HttpServletRequest)
2015-11-01 14:56:28.940  INFO 978 --- [           main] o.s.w.s.handler.SimpleUrlHandlerMapping  : Mapped URL path [/**] onto handler of type [class org.springframework.web.servlet.resource.ResourceHttpRequestHandler]
2015-11-01 14:56:28.940  INFO 978 --- [           main] o.s.w.s.handler.SimpleUrlHandlerMapping  : Mapped URL path [/webjars/**] onto handler of type [class org.springframework.web.servlet.resource.ResourceHttpRequestHandler]
2015-11-01 14:56:28.974  INFO 978 --- [           main] o.s.w.s.handler.SimpleUrlHandlerMapping  : Mapped URL path [/**/favicon.ico] onto handler of type [class org.springframework.web.servlet.resource.ResourceHttpRequestHandler]
2015-11-01 14:56:29.026  INFO 978 --- [           main] w.StormpathPlaygroundWebApplicationTests : Started StormpathPlaygroundWebApplicationTests in 4.837 seconds (JVM running for 5.352)
]]></system-out>
  </testcase>
  <testcase name="testAuthenticateAccount" classname="com.genericmethod.stormpathplayground.web.StormpathPlaygroundWebApplicationTests" time="0.116"/>
  <testcase name="testFindAccount" classname="com.genericmethod.stormpathplayground.web.StormpathPlaygroundWebApplicationTests" time="0.111"/>
</testsuite>